2017-11-01 21:39:45,153 DEBUG [default] [parallels@unknown-host] [int main(int, char**)] [/home/parallels/Projects/omega.src/tools/omega/main.cpp:179] 
2017-11-01 21:39:45,153 DEBUG [default] [parallels@unknown-host] [void parse_command_line(int, char**, omega::CompilerParameters*)] [/home/parallels/Projects/omega.src/tools/omega/main.cpp:111] 
2017-11-01 21:40:13,013 DEBUG [default] [parallels@unknown-host] [int main(int, char**)] [/home/parallels/Projects/omega.src/tools/omega/main.cpp:179] 
2017-11-01 21:40:13,013 DEBUG [default] [parallels@unknown-host] [void parse_command_line(int, char**, omega::CompilerParameters*)] [/home/parallels/Projects/omega.src/tools/omega/main.cpp:111] 
2017-11-01 21:42:16,811 DEBUG [default] [parallels@unknown-host] [int main(int, char**)] [/home/parallels/Projects/omega.src/tools/omega/main.cpp:179] 
2017-11-01 21:42:16,811 DEBUG [default] [parallels@unknown-host] [void parse_command_line(int, char**, omega::CompilerParameters*)] [/home/parallels/Projects/omega.src/tools/omega/main.cpp:111] 
2017-11-01 21:42:16,815 TRACE [default] [omega::CompilerResults* omega::CodeCompiler::FromDomBatch(omega::CompilerParameters&, omega::CodeCompileUnit&)] [/home/parallels/Projects/omega.src/lib/omega/code_compiler.cpp:360] 
2017-11-01 21:42:16,816 TRACE [default] [void omega::CodeCompiler::IncludeEmbeddedTypes(omega::CodeCompileUnit*)] [/home/parallels/Projects/omega.src/lib/omega/code_compiler.cpp:185] 
2017-11-01 21:52:08,235 DEBUG [default] [parallels@unknown-host] [int main(int, char**)] [/home/parallels/Projects/omega.src/tools/omega/main.cpp:179] 
2017-11-01 21:52:08,235 DEBUG [default] [parallels@unknown-host] [void parse_command_line(int, char**, omega::CompilerParameters*)] [/home/parallels/Projects/omega.src/tools/omega/main.cpp:111] 
2017-11-01 21:52:08,242 TRACE [default] [omega::CompilerResults* omega::CodeCompiler::FromDomBatch(omega::CompilerParameters&, omega::CodeCompileUnit&)] [/home/parallels/Projects/omega.src/lib/omega/code_compiler.cpp:360] 
2017-11-01 21:52:08,242 TRACE [default] [void omega::CodeCompiler::IncludeEmbeddedTypes(omega::CodeCompileUnit*)] [/home/parallels/Projects/omega.src/lib/omega/code_compiler.cpp:185] 
2017-11-01 22:09:24,750 DEBUG [default] [parallels@unknown-host] [int main(int, char**)] [/home/parallels/Projects/omega.src/tools/omega/main.cpp:179] 
2017-11-01 22:09:24,751 DEBUG [default] [parallels@unknown-host] [void parse_command_line(int, char**, omega::CompilerParameters*)] [/home/parallels/Projects/omega.src/tools/omega/main.cpp:111] 
2017-11-01 22:09:24,758 TRACE [default] [omega::CompilerResults* omega::CodeCompiler::FromDomBatch(omega::CompilerParameters&, omega::CodeCompileUnit&)] [/home/parallels/Projects/omega.src/lib/omega/code_compiler.cpp:360] 
2017-11-01 22:09:24,758 TRACE [default] [void omega::CodeCompiler::IncludeEmbeddedTypes(omega::CodeCompileUnit*)] [/home/parallels/Projects/omega.src/lib/omega/code_compiler.cpp:185] 
2017-11-01 22:11:22,183 DEBUG [default] [parallels@unknown-host] [int main(int, char**)] [/home/parallels/Projects/omega.src/tools/omega/main.cpp:179] 
2017-11-01 22:11:22,183 DEBUG [default] [parallels@unknown-host] [void parse_command_line(int, char**, omega::CompilerParameters*)] [/home/parallels/Projects/omega.src/tools/omega/main.cpp:111] 
2017-11-01 22:11:22,190 TRACE [default] [omega::CompilerResults* omega::CodeCompiler::FromDomBatch(omega::CompilerParameters&, omega::CodeCompileUnit&)] [/home/parallels/Projects/omega.src/lib/omega/code_compiler.cpp:360] 
2017-11-01 22:11:22,190 TRACE [default] [void omega::CodeCompiler::IncludeEmbeddedTypes(omega::CodeCompileUnit*)] [/home/parallels/Projects/omega.src/lib/omega/code_compiler.cpp:185] 
2017-11-01 22:11:22,222 TRACE [default] [int omega::generateobj(llvm::raw_fd_ostream&, llvm::Module*)] [/home/parallels/Projects/omega.src/lib/omega/code_compiler.cpp:154] 
2017-11-01 22:11:43,755 DEBUG [default] [parallels@unknown-host] [int main(int, char**)] [/home/parallels/Projects/omega.src/tools/omega/main.cpp:179] 
2017-11-01 22:11:43,756 DEBUG [default] [parallels@unknown-host] [void parse_command_line(int, char**, omega::CompilerParameters*)] [/home/parallels/Projects/omega.src/tools/omega/main.cpp:111] 
2017-11-01 22:11:43,759 TRACE [default] [omega::CompilerResults* omega::CodeCompiler::FromDomBatch(omega::CompilerParameters&, omega::CodeCompileUnit&)] [/home/parallels/Projects/omega.src/lib/omega/code_compiler.cpp:360] 
2017-11-01 22:11:43,759 TRACE [default] [void omega::CodeCompiler::IncludeEmbeddedTypes(omega::CodeCompileUnit*)] [/home/parallels/Projects/omega.src/lib/omega/code_compiler.cpp:185] 
2017-11-01 22:11:43,775 TRACE [default] [int omega::generateobj(llvm::raw_fd_ostream&, llvm::Module*)] [/home/parallels/Projects/omega.src/lib/omega/code_compiler.cpp:154] 
2017-11-01 22:14:09,258 DEBUG [default] [parallels@unknown-host] [int main(int, char**)] [/home/parallels/Projects/omega.src/tools/omega/main.cpp:179] 
2017-11-01 22:14:09,259 DEBUG [default] [parallels@unknown-host] [void parse_command_line(int, char**, omega::CompilerParameters*)] [/home/parallels/Projects/omega.src/tools/omega/main.cpp:111] 
2017-11-01 22:14:09,262 TRACE [default] [omega::CompilerResults* omega::CodeCompiler::FromDomBatch(omega::CompilerParameters&, omega::CodeCompileUnit&)] [/home/parallels/Projects/omega.src/lib/omega/code_compiler.cpp:360] 
2017-11-01 22:14:09,262 TRACE [default] [void omega::CodeCompiler::IncludeEmbeddedTypes(omega::CodeCompileUnit*)] [/home/parallels/Projects/omega.src/lib/omega/code_compiler.cpp:185] 
2017-11-01 22:14:09,278 TRACE [default] [int omega::generateobj(llvm::raw_fd_ostream&, llvm::Module*)] [/home/parallels/Projects/omega.src/lib/omega/code_compiler.cpp:154] 
2017-11-01 22:14:24,291 DEBUG [default] [parallels@unknown-host] [int main(int, char**)] [/home/parallels/Projects/omega.src/tools/omega/main.cpp:179] 
2017-11-01 22:14:24,291 DEBUG [default] [parallels@unknown-host] [void parse_command_line(int, char**, omega::CompilerParameters*)] [/home/parallels/Projects/omega.src/tools/omega/main.cpp:111] 
2017-11-01 22:14:24,294 TRACE [default] [omega::CompilerResults* omega::CodeCompiler::FromDomBatch(omega::CompilerParameters&, omega::CodeCompileUnit&)] [/home/parallels/Projects/omega.src/lib/omega/code_compiler.cpp:360] 
2017-11-01 22:14:24,294 TRACE [default] [void omega::CodeCompiler::IncludeEmbeddedTypes(omega::CodeCompileUnit*)] [/home/parallels/Projects/omega.src/lib/omega/code_compiler.cpp:185] 
2017-11-01 22:14:24,302 TRACE [default] [int omega::generateobj(llvm::raw_fd_ostream&, llvm::Module*)] [/home/parallels/Projects/omega.src/lib/omega/code_compiler.cpp:154] 
2017-11-01 22:15:12,956 DEBUG [default] [parallels@unknown-host] [int main(int, char**)] [/home/parallels/Projects/omega.src/tools/omega/main.cpp:179] 
2017-11-01 22:15:12,956 DEBUG [default] [parallels@unknown-host] [void parse_command_line(int, char**, omega::CompilerParameters*)] [/home/parallels/Projects/omega.src/tools/omega/main.cpp:111] 
2017-11-01 22:15:12,960 TRACE [default] [omega::CompilerResults* omega::CodeCompiler::FromDomBatch(omega::CompilerParameters&, omega::CodeCompileUnit&)] [/home/parallels/Projects/omega.src/lib/omega/code_compiler.cpp:360] 
2017-11-01 22:15:12,960 TRACE [default] [void omega::CodeCompiler::IncludeEmbeddedTypes(omega::CodeCompileUnit*)] [/home/parallels/Projects/omega.src/lib/omega/code_compiler.cpp:185] 
2017-11-01 22:15:12,974 TRACE [default] [int omega::generateobj(llvm::raw_fd_ostream&, llvm::Module*)] [/home/parallels/Projects/omega.src/lib/omega/code_compiler.cpp:154] 
2017-11-01 22:18:58,494 DEBUG [default] [parallels@unknown-host] [int main(int, char**)] [/home/parallels/Projects/omega.src/tools/omega/main.cpp:179] 
2017-11-01 22:18:58,494 DEBUG [default] [parallels@unknown-host] [void parse_command_line(int, char**, omega::CompilerParameters*)] [/home/parallels/Projects/omega.src/tools/omega/main.cpp:111] 
2017-11-01 22:18:58,498 TRACE [default] [omega::CompilerResults* omega::CodeCompiler::FromDomBatch(omega::CompilerParameters&, omega::CodeCompileUnit&)] [/home/parallels/Projects/omega.src/lib/omega/code_compiler.cpp:360] 
2017-11-01 22:18:58,498 TRACE [default] [void omega::CodeCompiler::IncludeEmbeddedTypes(omega::CodeCompileUnit*)] [/home/parallels/Projects/omega.src/lib/omega/code_compiler.cpp:185] 
2017-11-01 22:18:58,511 TRACE [default] [int omega::generateobj(llvm::raw_fd_ostream&, llvm::Module*)] [/home/parallels/Projects/omega.src/lib/omega/code_compiler.cpp:154] 
2017-11-01 22:22:37,935 DEBUG [default] [parallels@unknown-host] [int main(int, char**)] [/home/parallels/Projects/omega.src/tools/omega/main.cpp:179] 
2017-11-01 22:22:37,935 DEBUG [default] [parallels@unknown-host] [void parse_command_line(int, char**, omega::CompilerParameters*)] [/home/parallels/Projects/omega.src/tools/omega/main.cpp:111] 
2017-11-01 22:22:37,939 TRACE [default] [omega::CompilerResults* omega::CodeCompiler::FromDomBatch(omega::CompilerParameters&, omega::CodeCompileUnit&)] [/home/parallels/Projects/omega.src/lib/omega/code_compiler.cpp:360] 
2017-11-01 22:22:37,939 TRACE [default] [void omega::CodeCompiler::IncludeEmbeddedTypes(omega::CodeCompileUnit*)] [/home/parallels/Projects/omega.src/lib/omega/code_compiler.cpp:185] 
2017-11-01 22:22:37,948 TRACE [default] [int omega::generateobj(llvm::raw_fd_ostream&, llvm::Module*)] [/home/parallels/Projects/omega.src/lib/omega/code_compiler.cpp:154] 
2017-11-01 22:48:06,483 DEBUG [default] [parallels@unknown-host] [int main(int, char**)] [/home/parallels/Projects/omega.src/tools/omega/main.cpp:179] 
2017-11-01 22:48:06,483 DEBUG [default] [parallels@unknown-host] [void parse_command_line(int, char**, omega::CompilerParameters*)] [/home/parallels/Projects/omega.src/tools/omega/main.cpp:111] 
2017-11-01 22:48:06,491 TRACE [default] [omega::CompilerResults* omega::CodeCompiler::FromDomBatch(omega::CompilerParameters&, omega::CodeCompileUnit&)] [/home/parallels/Projects/omega.src/lib/omega/code_compiler.cpp:361] 
2017-11-01 22:48:06,491 TRACE [default] [void omega::CodeCompiler::IncludeEmbeddedTypes(omega::CodeCompileUnit*)] [/home/parallels/Projects/omega.src/lib/omega/code_compiler.cpp:186] 
2017-11-01 22:48:06,516 TRACE [default] [int omega::generateobj(llvm::raw_fd_ostream&, llvm::Module*)] [/home/parallels/Projects/omega.src/lib/omega/code_compiler.cpp:155] 
2017-11-01 22:51:31,632 DEBUG [default] [parallels@unknown-host] [int main(int, char**)] [/home/parallels/Projects/omega.src/tools/omega/main.cpp:179] 
2017-11-01 22:51:31,632 DEBUG [default] [parallels@unknown-host] [void parse_command_line(int, char**, omega::CompilerParameters*)] [/home/parallels/Projects/omega.src/tools/omega/main.cpp:111] 
2017-11-01 22:51:31,639 TRACE [default] [omega::CompilerResults* omega::CodeCompiler::FromDomBatch(omega::CompilerParameters&, omega::CodeCompileUnit&)] [/home/parallels/Projects/omega.src/lib/omega/code_compiler.cpp:361] 
2017-11-01 22:51:31,639 TRACE [default] [void omega::CodeCompiler::IncludeEmbeddedTypes(omega::CodeCompileUnit*)] [/home/parallels/Projects/omega.src/lib/omega/code_compiler.cpp:186] 
2017-11-01 22:51:31,666 TRACE [default] [int omega::generateobj(llvm::raw_fd_ostream&, llvm::Module*)] [/home/parallels/Projects/omega.src/lib/omega/code_compiler.cpp:155] 
2017-11-01 22:57:45,047 DEBUG [default] [parallels@unknown-host] [int main(int, char**)] [/home/parallels/Projects/omega.src/tools/omega/main.cpp:179] 
2017-11-01 22:57:45,048 DEBUG [default] [parallels@unknown-host] [void parse_command_line(int, char**, omega::CompilerParameters*)] [/home/parallels/Projects/omega.src/tools/omega/main.cpp:111] 
2017-11-01 22:57:45,054 TRACE [default] [omega::CompilerResults* omega::CodeCompiler::FromDomBatch(omega::CompilerParameters&, omega::CodeCompileUnit&)] [/home/parallels/Projects/omega.src/lib/omega/code_compiler.cpp:361] 
2017-11-01 22:57:45,055 TRACE [default] [void omega::CodeCompiler::IncludeEmbeddedTypes(omega::CodeCompileUnit*)] [/home/parallels/Projects/omega.src/lib/omega/code_compiler.cpp:186] 
2017-11-01 22:57:45,065 TRACE [default] [int omega::generateobj(llvm::raw_fd_ostream&, llvm::Module*)] [/home/parallels/Projects/omega.src/lib/omega/code_compiler.cpp:155] 
2017-11-03 18:39:41,655 DEBUG [default] [parallels@unknown-host] [int main(int, char**)] [/home/parallels/Projects/omega.src/tools/omega/main.cpp:179] 
2017-11-03 18:39:41,656 DEBUG [default] [parallels@unknown-host] [void parse_command_line(int, char**, omega::CompilerParameters*)] [/home/parallels/Projects/omega.src/tools/omega/main.cpp:111] 
2017-11-03 18:39:41,659 TRACE [default] [omega::CompilerResults* omega::CodeCompiler::FromDomBatch(omega::CompilerParameters&, omega::CodeCompileUnit&)] [/home/parallels/Projects/omega.src/lib/omega/code_compiler.cpp:361] 
2017-11-03 18:39:41,659 TRACE [default] [void omega::CodeCompiler::IncludeEmbeddedTypes(omega::CodeCompileUnit*)] [/home/parallels/Projects/omega.src/lib/omega/code_compiler.cpp:186] 
2017-11-03 18:39:41,669 TRACE [default] [int omega::generateobj(llvm::raw_fd_ostream&, llvm::Module*)] [/home/parallels/Projects/omega.src/lib/omega/code_compiler.cpp:155] 
2017-11-03 20:27:53,721 DEBUG [default] [parallels@unknown-host] [int main(int, char**)] [/home/parallels/Projects/omega.src/tools/omega/main.cpp:179] 
2017-11-03 20:27:53,721 DEBUG [default] [parallels@unknown-host] [void parse_command_line(int, char**, omega::CompilerParameters*)] [/home/parallels/Projects/omega.src/tools/omega/main.cpp:111] 
2017-11-03 20:27:53,726 TRACE [default] [omega::CompilerResults* omega::CodeCompiler::FromDomBatch(omega::CompilerParameters&, omega::CodeCompileUnit&)] [/home/parallels/Projects/omega.src/lib/omega/code_compiler.cpp:361] 
2017-11-03 20:27:53,726 TRACE [default] [void omega::CodeCompiler::IncludeEmbeddedTypes(omega::CodeCompileUnit*)] [/home/parallels/Projects/omega.src/lib/omega/code_compiler.cpp:186] 
2017-11-03 20:29:50,993 DEBUG [default] [parallels@unknown-host] [int main(int, char**)] [/home/parallels/Projects/omega.src/tools/omega/main.cpp:179] 
2017-11-03 20:29:50,993 DEBUG [default] [parallels@unknown-host] [void parse_command_line(int, char**, omega::CompilerParameters*)] [/home/parallels/Projects/omega.src/tools/omega/main.cpp:111] 
2017-11-03 20:29:50,997 TRACE [default] [omega::CompilerResults* omega::CodeCompiler::FromDomBatch(omega::CompilerParameters&, omega::CodeCompileUnit&)] [/home/parallels/Projects/omega.src/lib/omega/code_compiler.cpp:361] 
2017-11-03 20:29:50,998 TRACE [default] [void omega::CodeCompiler::IncludeEmbeddedTypes(omega::CodeCompileUnit*)] [/home/parallels/Projects/omega.src/lib/omega/code_compiler.cpp:186] 
2017-11-03 20:30:21,303 DEBUG [default] [parallels@unknown-host] [int main(int, char**)] [/home/parallels/Projects/omega.src/tools/omega/main.cpp:179] 
2017-11-03 20:30:21,303 DEBUG [default] [parallels@unknown-host] [void parse_command_line(int, char**, omega::CompilerParameters*)] [/home/parallels/Projects/omega.src/tools/omega/main.cpp:111] 
2017-11-03 20:30:21,308 TRACE [default] [omega::CompilerResults* omega::CodeCompiler::FromDomBatch(omega::CompilerParameters&, omega::CodeCompileUnit&)] [/home/parallels/Projects/omega.src/lib/omega/code_compiler.cpp:361] 
2017-11-03 20:30:21,308 TRACE [default] [void omega::CodeCompiler::IncludeEmbeddedTypes(omega::CodeCompileUnit*)] [/home/parallels/Projects/omega.src/lib/omega/code_compiler.cpp:186] 
2017-11-03 20:30:42,395 DEBUG [default] [parallels@unknown-host] [int main(int, char**)] [/home/parallels/Projects/omega.src/tools/omega/main.cpp:179] 
2017-11-03 20:30:42,396 DEBUG [default] [parallels@unknown-host] [void parse_command_line(int, char**, omega::CompilerParameters*)] [/home/parallels/Projects/omega.src/tools/omega/main.cpp:111] 
2017-11-03 20:30:42,400 TRACE [default] [omega::CompilerResults* omega::CodeCompiler::FromDomBatch(omega::CompilerParameters&, omega::CodeCompileUnit&)] [/home/parallels/Projects/omega.src/lib/omega/code_compiler.cpp:361] 
2017-11-03 20:30:42,400 TRACE [default] [void omega::CodeCompiler::IncludeEmbeddedTypes(omega::CodeCompileUnit*)] [/home/parallels/Projects/omega.src/lib/omega/code_compiler.cpp:186] 
2017-11-03 20:31:22,350 DEBUG [default] [parallels@unknown-host] [int main(int, char**)] [/home/parallels/Projects/omega.src/tools/omega/main.cpp:179] 
2017-11-03 20:31:22,351 DEBUG [default] [parallels@unknown-host] [void parse_command_line(int, char**, omega::CompilerParameters*)] [/home/parallels/Projects/omega.src/tools/omega/main.cpp:111] 
2017-11-03 20:31:22,356 TRACE [default] [omega::CompilerResults* omega::CodeCompiler::FromDomBatch(omega::CompilerParameters&, omega::CodeCompileUnit&)] [/home/parallels/Projects/omega.src/lib/omega/code_compiler.cpp:361] 
2017-11-03 20:31:22,356 TRACE [default] [void omega::CodeCompiler::IncludeEmbeddedTypes(omega::CodeCompileUnit*)] [/home/parallels/Projects/omega.src/lib/omega/code_compiler.cpp:186] 
