2016-02-19 15:43:16,532 DEBUG [default] [mario@unknown-host] [int main(int, char **)] [/Users/mario/Projects/omega.src/tools/omega/main.cpp:182] 
2016-02-19 15:43:16,533 DEBUG [default] [mario@unknown-host] [void parse_command_line(int, char **, mlang::CompilerParameters *)] [/Users/mario/Projects/omega.src/tools/omega/main.cpp:118] 
2016-02-19 15:43:16,540 TRACE [default] [mlang::CompilerResults *mlang::CodeCompiler::FromDomBatch(mlang::CompilerParameters &, mlang::CodeCompileUnit &)] [/Users/mario/Projects/omega.src/lib/omega/code_compiler.cpp:356] 
2016-02-19 15:43:16,540 TRACE [default] [void mlang::CodeCompiler::IncludeEmbeddedTypes(mlang::CodeCompileUnit *)] [/Users/mario/Projects/omega.src/lib/omega/code_compiler.cpp:180] 
2016-02-19 15:43:35,927 DEBUG [default] [mario@unknown-host] [int main(int, char **)] [/Users/mario/Projects/omega.src/tools/omega/main.cpp:182] 
2016-02-19 15:43:35,928 DEBUG [default] [mario@unknown-host] [void parse_command_line(int, char **, mlang::CompilerParameters *)] [/Users/mario/Projects/omega.src/tools/omega/main.cpp:118] 
2016-02-19 15:43:35,931 TRACE [default] [mlang::CompilerResults *mlang::CodeCompiler::FromDomBatch(mlang::CompilerParameters &, mlang::CodeCompileUnit &)] [/Users/mario/Projects/omega.src/lib/omega/code_compiler.cpp:356] 
2016-02-19 15:43:35,931 TRACE [default] [void mlang::CodeCompiler::IncludeEmbeddedTypes(mlang::CodeCompileUnit *)] [/Users/mario/Projects/omega.src/lib/omega/code_compiler.cpp:180] 
2016-02-19 15:43:35,993 TRACE [default] [int mlang::generateobj(llvm::raw_fd_ostream &, llvm::Module *)] [/Users/mario/Projects/omega.src/lib/omega/code_compiler.cpp:152] 
2016-02-19 15:51:08,158 DEBUG [default] [mario@unknown-host] [int main(int, char **)] [/Users/mario/Projects/omega.src/tools/omega/main.cpp:182] 
2016-02-19 15:51:08,159 DEBUG [default] [mario@unknown-host] [void parse_command_line(int, char **, mlang::CompilerParameters *)] [/Users/mario/Projects/omega.src/tools/omega/main.cpp:118] 
2016-02-19 15:51:08,161 TRACE [default] [mlang::CompilerResults *mlang::CodeCompiler::FromDomBatch(mlang::CompilerParameters &, mlang::CodeCompileUnit &)] [/Users/mario/Projects/omega.src/lib/omega/code_compiler.cpp:356] 
2016-02-19 15:51:08,161 TRACE [default] [void mlang::CodeCompiler::IncludeEmbeddedTypes(mlang::CodeCompileUnit *)] [/Users/mario/Projects/omega.src/lib/omega/code_compiler.cpp:180] 
2016-02-19 15:51:08,168 TRACE [default] [int mlang::generateobj(llvm::raw_fd_ostream &, llvm::Module *)] [/Users/mario/Projects/omega.src/lib/omega/code_compiler.cpp:152] 
2016-02-19 16:34:06,017 DEBUG [default] [mario@unknown-host] [int main(int, char **)] [/Users/mario/Projects/omega.src/tools/omega/main.cpp:179] 
2016-02-19 16:34:06,018 DEBUG [default] [mario@unknown-host] [void parse_command_line(int, char **, omega::CompilerParameters *)] [/Users/mario/Projects/omega.src/tools/omega/main.cpp:111] 
2016-02-19 16:34:06,022 TRACE [default] [omega::CompilerResults *omega::CodeCompiler::FromDomBatch(omega::CompilerParameters &, omega::CodeCompileUnit &)] [/Users/mario/Projects/omega.src/lib/omega/code_compiler.cpp:354] 
2016-02-19 16:34:06,022 TRACE [default] [void omega::CodeCompiler::IncludeEmbeddedTypes(omega::CodeCompileUnit *)] [/Users/mario/Projects/omega.src/lib/omega/code_compiler.cpp:179] 
2016-02-19 16:34:06,028 TRACE [default] [int omega::generateobj(llvm::raw_fd_ostream &, llvm::Module *)] [/Users/mario/Projects/omega.src/lib/omega/code_compiler.cpp:151] 
2016-02-19 16:34:39,476 DEBUG [default] [mario@unknown-host] [int main(int, char **)] [/Users/mario/Projects/omega.src/tools/omega/main.cpp:179] 
2016-02-19 16:34:39,477 DEBUG [default] [mario@unknown-host] [void parse_command_line(int, char **, omega::CompilerParameters *)] [/Users/mario/Projects/omega.src/tools/omega/main.cpp:111] 
2016-02-19 16:35:09,787 DEBUG [default] [mario@unknown-host] [int main(int, char **)] [/Users/mario/Projects/omega.src/tools/omega/main.cpp:179] 
2016-02-19 16:35:09,787 DEBUG [default] [mario@unknown-host] [void parse_command_line(int, char **, omega::CompilerParameters *)] [/Users/mario/Projects/omega.src/tools/omega/main.cpp:111] 
2016-02-19 16:35:09,790 TRACE [default] [omega::CompilerResults *omega::CodeCompiler::FromDomBatch(omega::CompilerParameters &, omega::CodeCompileUnit &)] [/Users/mario/Projects/omega.src/lib/omega/code_compiler.cpp:354] 
2016-02-19 16:35:09,790 TRACE [default] [void omega::CodeCompiler::IncludeEmbeddedTypes(omega::CodeCompileUnit *)] [/Users/mario/Projects/omega.src/lib/omega/code_compiler.cpp:179] 
2016-02-19 16:35:09,798 TRACE [default] [int omega::generateobj(llvm::raw_fd_ostream &, llvm::Module *)] [/Users/mario/Projects/omega.src/lib/omega/code_compiler.cpp:151] 
2016-02-19 16:47:40,325 DEBUG [default] [mario@unknown-host] [int main(int, char **)] [/Users/mario/Projects/omega.src/tools/omega/main.cpp:179] 
2016-02-19 16:47:40,326 DEBUG [default] [mario@unknown-host] [void parse_command_line(int, char **, omega::CompilerParameters *)] [/Users/mario/Projects/omega.src/tools/omega/main.cpp:111] 
2016-02-19 16:47:40,332 TRACE [default] [omega::CompilerResults *omega::CodeCompiler::FromDomBatch(omega::CompilerParameters &, omega::CodeCompileUnit &)] [/Users/mario/Projects/omega.src/lib/omega/code_compiler.cpp:354] 
2016-02-19 16:47:40,332 TRACE [default] [void omega::CodeCompiler::IncludeEmbeddedTypes(omega::CodeCompileUnit *)] [/Users/mario/Projects/omega.src/lib/omega/code_compiler.cpp:179] 
2016-02-19 16:47:40,382 TRACE [default] [int omega::generateobj(llvm::raw_fd_ostream &, llvm::Module *)] [/Users/mario/Projects/omega.src/lib/omega/code_compiler.cpp:151] 
2016-02-19 16:58:46,718 DEBUG [default] [mario@unknown-host] [int main(int, char **)] [/Users/mario/Projects/omega.src/tools/omega/main.cpp:179] 
2016-02-19 16:58:46,719 DEBUG [default] [mario@unknown-host] [void parse_command_line(int, char **, omega::CompilerParameters *)] [/Users/mario/Projects/omega.src/tools/omega/main.cpp:111] 
2016-02-19 16:58:46,721 TRACE [default] [omega::CompilerResults *omega::CodeCompiler::FromDomBatch(omega::CompilerParameters &, omega::CodeCompileUnit &)] [/Users/mario/Projects/omega.src/lib/omega/code_compiler.cpp:354] 
2016-02-19 16:58:46,721 TRACE [default] [void omega::CodeCompiler::IncludeEmbeddedTypes(omega::CodeCompileUnit *)] [/Users/mario/Projects/omega.src/lib/omega/code_compiler.cpp:179] 
2016-02-19 16:58:46,722 FATAL [default] CRASH HANDLED; Application has crashed due to [SIGSEGV] signal
2016-02-19 16:58:46,722 WARN  [default] Aborting application. Reason: Fatal log at [/Users/mario/Projects/omega.src/tools/omega/../../include/easylogging++.hh:6357]
2016-02-19 17:05:47,841 DEBUG [default] [mario@unknown-host] [int main(int, char **)] [/Users/mario/Projects/omega.src/tools/omega/main.cpp:179] 
2016-02-19 17:05:47,842 DEBUG [default] [mario@unknown-host] [void parse_command_line(int, char **, omega::CompilerParameters *)] [/Users/mario/Projects/omega.src/tools/omega/main.cpp:111] 
2016-02-19 17:05:47,849 TRACE [default] [omega::CompilerResults *omega::CodeCompiler::FromDomBatch(omega::CompilerParameters &, omega::CodeCompileUnit &)] [/Users/mario/Projects/omega.src/lib/omega/code_compiler.cpp:354] 
2016-02-19 17:05:47,849 TRACE [default] [void omega::CodeCompiler::IncludeEmbeddedTypes(omega::CodeCompileUnit *)] [/Users/mario/Projects/omega.src/lib/omega/code_compiler.cpp:179] 
2016-02-19 17:05:47,909 TRACE [default] [int omega::generateobj(llvm::raw_fd_ostream &, llvm::Module *)] [/Users/mario/Projects/omega.src/lib/omega/code_compiler.cpp:151] 
2016-02-19 17:06:18,989 DEBUG [default] [mario@unknown-host] [int main(int, char **)] [/Users/mario/Projects/omega.src/tools/omega/main.cpp:179] 
2016-02-19 17:06:18,990 DEBUG [default] [mario@unknown-host] [void parse_command_line(int, char **, omega::CompilerParameters *)] [/Users/mario/Projects/omega.src/tools/omega/main.cpp:111] 
2016-02-19 17:06:18,992 TRACE [default] [omega::CompilerResults *omega::CodeCompiler::FromDomBatch(omega::CompilerParameters &, omega::CodeCompileUnit &)] [/Users/mario/Projects/omega.src/lib/omega/code_compiler.cpp:354] 
2016-02-19 17:06:18,992 TRACE [default] [void omega::CodeCompiler::IncludeEmbeddedTypes(omega::CodeCompileUnit *)] [/Users/mario/Projects/omega.src/lib/omega/code_compiler.cpp:179] 
2016-02-19 17:06:18,998 TRACE [default] [int omega::generateobj(llvm::raw_fd_ostream &, llvm::Module *)] [/Users/mario/Projects/omega.src/lib/omega/code_compiler.cpp:151] 
